<?xml version="1.0" encoding="UTF-8"?>
<!-- Generated by org.testng.reporters.JUnitXMLReporter -->
<testsuite ignored="0" hostname="DESKTOP-P8A2U13" failures="0" tests="3" name="Default test" time="0.076" errors="0" timestamp="2025-07-02T10:50:41 IST">
  <testcase classname="practise.testNG.CreateContact_usingDataproviderTest" name="createContact" time="0.011"/>
  <testcase classname="practise.testNG.CreateContact_usingDataproviderTest" name="createContact" time="0.001"/>
  <testcase classname="practise.testNG.CreateContact_usingDataproviderTest" name="createContact" time="0.001"/>
</testsuite> <!-- Default test -->
