<?xml version="1.0" encoding="UTF-8"?>
<!-- Generated by org.testng.reporters.JUnitXMLReporter -->
<testsuite ignored="2" hostname="DESKTOP-P8A2U13" failures="0" tests="6" name="TestRunner-firefox" time="171.581" errors="0" timestamp="2025-06-24T18:55:23 IST">
  <testcase classname="com.crm.comcast.contacttest.CreateContactTest" name="createContactTest" time="6.324"/>
  <testcase classname="com.crm.comcast.contacttest.CreateContactTest" name="createContactWithOrgTest" time="10.613"/>
  <testcase classname="com.crm.comcast.contacttest.CreateContactTest" name="createContactWithSupportDateTest" time="4.763"/>
  <testcase classname="com.crm.comcast.orgtest.CreateOrganizationTest" name="CreateOrgTest" time="5.161"/>
  <testcase classname="com.crm.comcast.orgtest.CreateOrganizationTest" name="CreateOrgWithIndustriesTest" time="5.13"/>
  <testcase classname="com.crm.comcast.orgtest.CreateOrganizationTest" name="CreateOrgWithPhNOTest" time="4.231"/>
  <testcase classname="com.comcast.crm.basetest.Baseclass1" name="@BeforeSuite configBeforeSuite" time="0.0">
    <ignored/>
  </testcase> <!-- @BeforeSuite configBeforeSuite -->
  <testcase classname="com.comcast.crm.basetest.Baseclass1" name="@AfterSuite configAfterSuite" time="0.0">
    <ignored/>
  </testcase> <!-- @AfterSuite configAfterSuite -->
</testsuite> <!-- TestRunner-firefox -->
