<?xml version="1.0" encoding="UTF-8"?>
<!-- Generated by org.testng.reporters.JUnitXMLReporter -->
<testsuite ignored="2" hostname="DESKTOP-P8A2U13" failures="0" tests="6" name="TestRunner-edge" time="151.093" errors="0" timestamp="2025-06-24T18:55:03 IST">
  <testcase classname="com.crm.comcast.contacttest.CreateContactTest" name="createContactTest" time="8.047"/>
  <testcase classname="com.crm.comcast.contacttest.CreateContactTest" name="createContactWithOrgTest" time="12.411"/>
  <testcase classname="com.crm.comcast.contacttest.CreateContactTest" name="createContactWithSupportDateTest" time="4.893"/>
  <testcase classname="com.crm.comcast.orgtest.CreateOrganizationTest" name="CreateOrgTest" time="9.731"/>
  <testcase classname="com.crm.comcast.orgtest.CreateOrganizationTest" name="CreateOrgWithIndustriesTest" time="5.108"/>
  <testcase classname="com.crm.comcast.orgtest.CreateOrganizationTest" name="CreateOrgWithPhNOTest" time="4.841"/>
  <testcase classname="com.comcast.crm.basetest.Baseclass1" name="@BeforeSuite configBeforeSuite" time="0.0">
    <ignored/>
  </testcase> <!-- @BeforeSuite configBeforeSuite -->
  <testcase classname="com.comcast.crm.basetest.Baseclass1" name="@AfterSuite configAfterSuite" time="0.0">
    <ignored/>
  </testcase> <!-- @AfterSuite configAfterSuite -->
</testsuite> <!-- TestRunner-edge -->
