<?xml version="1.0" encoding="UTF-8"?>
<!-- Generated by org.testng.reporters.JUnitXMLReporter -->
<testsuite ignored="2" hostname="DESKTOP-P8A2U13" failures="0" tests="6" name="TestRunner-chrome" time="133.527" errors="0" timestamp="2025-06-24T18:54:45 IST">
  <testcase classname="com.crm.comcast.contacttest.CreateContactTest" name="createContactTest" time="7.488"/>
  <testcase classname="com.crm.comcast.contacttest.CreateContactTest" name="createContactWithOrgTest" time="10.839"/>
  <testcase classname="com.crm.comcast.contacttest.CreateContactTest" name="createContactWithSupportDateTest" time="7.923"/>
  <testcase classname="com.crm.comcast.orgtest.CreateOrganizationTest" name="CreateOrgTest" time="6.875"/>
  <testcase classname="com.crm.comcast.orgtest.CreateOrganizationTest" name="CreateOrgWithIndustriesTest" time="4.778"/>
  <testcase classname="com.crm.comcast.orgtest.CreateOrganizationTest" name="CreateOrgWithPhNOTest" time="4.832"/>
  <testcase classname="com.comcast.crm.basetest.Baseclass1" name="@BeforeSuite configBeforeSuite" time="0.0">
    <ignored/>
  </testcase> <!-- @BeforeSuite configBeforeSuite -->
  <testcase classname="com.comcast.crm.basetest.Baseclass1" name="@AfterSuite configAfterSuite" time="0.0">
    <ignored/>
  </testcase> <!-- @AfterSuite configAfterSuite -->
</testsuite> <!-- TestRunner-chrome -->
