<?xml version="1.0" encoding="UTF-8"?>
<testng-results ignored="0" total="3" passed="3" failed="0" skipped="0">
  <reporter-output>
  </reporter-output>
  <suite started-at="2025-07-02T10:50:40 IST" name="Default suite" finished-at="2025-07-02T10:50:41 IST" duration-ms="76">
    <groups>
    </groups>
    <test started-at="2025-07-02T10:50:40 IST" name="Default test" finished-at="2025-07-02T10:50:41 IST" duration-ms="76">
      <class name="practise.testNG.CreateContact_usingDataproviderTest">
        <test-method signature="createContact(java.lang.String,java.lang.String)[pri:0, instance:practise.testNG.CreateContact_usingDataproviderTest@13bc8645]" started-at="2025-07-02T10:50:41 IST" name="createContact" data-provider="getData" finished-at="2025-07-02T10:50:41 IST" duration-ms="11" status="PASS">
          <params>
            <param index="0">
              <value>
                <![CDATA[Deepak]]>
              </value>
            </param>
            <param index="1">
              <value>
                <![CDATA[verma]]>
              </value>
            </param>
          </params>
          <reporter-output>
          </reporter-output>
        </test-method> <!-- createContact -->
        <test-method signature="createContact(java.lang.String,java.lang.String)[pri:0, instance:practise.testNG.CreateContact_usingDataproviderTest@13bc8645]" started-at="2025-07-02T10:50:41 IST" name="createContact" data-provider="getData" finished-at="2025-07-02T10:50:41 IST" duration-ms="1" status="PASS">
          <params>
            <param index="0">
              <value>
                <![CDATA[Chetan]]>
              </value>
            </param>
            <param index="1">
              <value>
                <![CDATA[Devgan]]>
              </value>
            </param>
          </params>
          <reporter-output>
          </reporter-output>
        </test-method> <!-- createContact -->
        <test-method signature="createContact(java.lang.String,java.lang.String)[pri:0, instance:practise.testNG.CreateContact_usingDataproviderTest@13bc8645]" started-at="2025-07-02T10:50:41 IST" name="createContact" data-provider="getData" finished-at="2025-07-02T10:50:41 IST" duration-ms="1" status="PASS">
          <params>
            <param index="0">
              <value>
                <![CDATA[Rohit]]>
              </value>
            </param>
            <param index="1">
              <value>
                <![CDATA[Singh]]>
              </value>
            </param>
          </params>
          <reporter-output>
          </reporter-output>
        </test-method> <!-- createContact -->
      </class> <!-- practise.testNG.CreateContact_usingDataproviderTest -->
    </test> <!-- Default test -->
  </suite> <!-- Default suite -->
</testng-results>
